<?xml version="1.0" encoding="UTF-8"?>
<testsuite xmlns:xsi="http://www.w3.org/2001/XMLSchema-instance" xsi:noNamespaceSchemaLocation="https://maven.apache.org/surefire/maven-surefire-plugin/xsd/surefire-test-report-3.0.xsd" version="3.0" name="LionTest" time="0.082" tests="5" errors="0" skipped="0" failures="0">
  <properties>
[...]
</properties>
  <testcase name="doesHaveManeBySex(String)[1]" classname="LionTest" time="0.032"/>
  <testcase name="doesHaveManeBySex(String)[2]" classname="LionTest" time="0.0"/>
  <testcase name="getKittensReturnsFromFeline" classname="LionTest" time="0.0"/>
  <testcase name="getFoodDelegatesToFeline" classname="LionTest" time="0.0"/>
  <testcase name="throwsExceptionForInvalidSex" classname="LionTest" time="0.0"/>
</testsuite>